
> calebagoha123.github.io@1.0.0 build
> eleventy

2026-01-11T02:28:13.770Z Eleventy:cmd command: eleventy { _: [], quiet: null, version: false, watch: false, dryrun: false, help: false, serve: false, 'ignore-initial': false, to: 'fs' }
2026-01-11T02:28:14.015Z Eleventy:EventBus Setting up global EventBus.
2026-01-11T02:28:14.015Z Eleventy:EventBus EventBus max listener count: 100
2026-01-11T02:28:14.554Z Eleventy:UserConfig Resetting EleventyConfig to initial values.
2026-01-11T02:28:14.555Z Eleventy:ImportJsonSync Found 'package.json' searching parent directories at: '/Users/calebagoha/Desktop/Project Portfolio/calebagoha123.github.io'
2026-01-11T02:28:14.557Z Eleventy Setting process.env.ELEVENTY_ROOT: '/Users/calebagoha/Desktop/Project Portfolio/calebagoha123.github.io'
2026-01-11T02:28:14.569Z Eleventy:UserConfig Adding '@11ty/eleventy-plugin-bundle' plugin
2026-01-11T02:28:14.571Z Eleventy:UserConfig Adding new Universal Shortcode "'getBundle'" via `'addShortcode'('getBundle')`
2026-01-11T02:28:14.571Z Eleventy:UserConfig Adding new Liquid Shortcode "'getBundle'" via `'addLiquidShortcode'('getBundle')`
2026-01-11T02:28:14.571Z Eleventy:UserConfig Adding new JavaScript Shortcode "'getBundle'" via `'addJavaScriptShortcode'('getBundle')`
2026-01-11T02:28:14.571Z Eleventy:UserConfig Adding new JavaScript Function "'getBundle'" via `'addJavaScriptFunction'('getBundle')`
2026-01-11T02:28:14.571Z Eleventy:UserConfig Adding new Nunjucks Shortcode "'getBundle'" via `'addNunjucksShortcode'('getBundle')`
2026-01-11T02:28:14.571Z Eleventy:UserConfig Adding new Universal Shortcode "'getBundleFileUrl'" via `'addShortcode'('getBundleFileUrl')`
2026-01-11T02:28:14.571Z Eleventy:UserConfig Adding new Liquid Shortcode "'getBundleFileUrl'" via `'addLiquidShortcode'('getBundleFileUrl')`
2026-01-11T02:28:14.571Z Eleventy:UserConfig Adding new JavaScript Shortcode "'getBundleFileUrl'" via `'addJavaScriptShortcode'('getBundleFileUrl')`
2026-01-11T02:28:14.571Z Eleventy:UserConfig Adding new JavaScript Function "'getBundleFileUrl'" via `'addJavaScriptFunction'('getBundleFileUrl')`
2026-01-11T02:28:14.571Z Eleventy:UserConfig Adding new Nunjucks Shortcode "'getBundleFileUrl'" via `'addNunjucksShortcode'('getBundleFileUrl')`
2026-01-11T02:28:14.572Z Eleventy:UserConfig Adding '@11ty/eleventy/inputpath-to-url-filter-plugin' plugin
2026-01-11T02:28:14.572Z Eleventy:UserConfig Adding new Universal Filter "'inputPathToUrl'" via `'addFilter'('inputPathToUrl')`
2026-01-11T02:28:14.572Z Eleventy:UserConfig Adding new Liquid Filter "'inputPathToUrl'" via `'addLiquidFilter'('inputPathToUrl')`
2026-01-11T02:28:14.572Z Eleventy:UserConfig Adding new JavaScript Filter "'inputPathToUrl'" via `'addJavaScriptFilter'('inputPathToUrl')`
2026-01-11T02:28:14.572Z Eleventy:UserConfig Adding new JavaScript Function "'inputPathToUrl'" via `'addJavaScriptFunction'('inputPathToUrl')`
2026-01-11T02:28:14.572Z Eleventy:UserConfig Adding new Nunjucks Filter "'inputPathToUrl'" via `'addNunjucksFilter'('inputPathToUrl')`
2026-01-11T02:28:14.572Z Eleventy:UserConfig Adding new Universal Filter "'slug'" via `'addFilter'('slug')`
2026-01-11T02:28:14.572Z Eleventy:UserConfig Adding new Liquid Filter "'slug'" via `'addLiquidFilter'('slug')`
2026-01-11T02:28:14.572Z Eleventy:UserConfig Adding new JavaScript Filter "'slug'" via `'addJavaScriptFilter'('slug')`
2026-01-11T02:28:14.572Z Eleventy:UserConfig Adding new JavaScript Function "'slug'" via `'addJavaScriptFunction'('slug')`
2026-01-11T02:28:14.572Z Eleventy:UserConfig Adding new Nunjucks Filter "'slug'" via `'addNunjucksFilter'('slug')`
2026-01-11T02:28:14.572Z Eleventy:UserConfig Adding new Universal Filter "'slugify'" via `'addFilter'('slugify')`
2026-01-11T02:28:14.572Z Eleventy:UserConfig Adding new Liquid Filter "'slugify'" via `'addLiquidFilter'('slugify')`
2026-01-11T02:28:14.572Z Eleventy:UserConfig Adding new JavaScript Filter "'slugify'" via `'addJavaScriptFilter'('slugify')`
2026-01-11T02:28:14.572Z Eleventy:UserConfig Adding new JavaScript Function "'slugify'" via `'addJavaScriptFunction'('slugify')`
2026-01-11T02:28:14.572Z Eleventy:UserConfig Adding new Nunjucks Filter "'slugify'" via `'addNunjucksFilter'('slugify')`
2026-01-11T02:28:14.572Z Eleventy:UserConfig Adding new Universal Filter "'url'" via `'addFilter'('url')`
2026-01-11T02:28:14.572Z Eleventy:UserConfig Adding new Liquid Filter "'url'" via `'addLiquidFilter'('url')`
2026-01-11T02:28:14.572Z Eleventy:UserConfig Adding new JavaScript Filter "'url'" via `'addJavaScriptFilter'('url')`
2026-01-11T02:28:14.572Z Eleventy:UserConfig Adding new JavaScript Function "'url'" via `'addJavaScriptFunction'('url')`
2026-01-11T02:28:14.572Z Eleventy:UserConfig Adding new Nunjucks Filter "'url'" via `'addNunjucksFilter'('url')`
2026-01-11T02:28:14.572Z Eleventy:UserConfig Adding new Universal Filter "'log'" via `'addFilter'('log')`
2026-01-11T02:28:14.572Z Eleventy:UserConfig Adding new Liquid Filter "'log'" via `'addLiquidFilter'('log')`
2026-01-11T02:28:14.572Z Eleventy:UserConfig Adding new JavaScript Filter "'log'" via `'addJavaScriptFilter'('log')`
2026-01-11T02:28:14.572Z Eleventy:UserConfig Adding new JavaScript Function "'log'" via `'addJavaScriptFunction'('log')`
2026-01-11T02:28:14.572Z Eleventy:UserConfig Adding new Nunjucks Filter "'log'" via `'addNunjucksFilter'('log')`
2026-01-11T02:28:14.572Z Eleventy:UserConfig Adding new Universal Filter "'getCollectionItemIndex'" via `'addFilter'('getCollectionItemIndex')`
2026-01-11T02:28:14.572Z Eleventy:UserConfig Adding new Liquid Filter "'getCollectionItemIndex'" via `'addLiquidFilter'('getCollectionItemIndex')`
2026-01-11T02:28:14.572Z Eleventy:UserConfig Adding new JavaScript Filter "'getCollectionItemIndex'" via `'addJavaScriptFilter'('getCollectionItemIndex')`
2026-01-11T02:28:14.572Z Eleventy:UserConfig Adding new JavaScript Function "'getCollectionItemIndex'" via `'addJavaScriptFunction'('getCollectionItemIndex')`
2026-01-11T02:28:14.572Z Eleventy:UserConfig Adding new Nunjucks Filter "'getCollectionItemIndex'" via `'addNunjucksFilter'('getCollectionItemIndex')`
2026-01-11T02:28:14.572Z Eleventy:UserConfig Adding new Universal Filter "'getCollectionItem'" via `'addFilter'('getCollectionItem')`
2026-01-11T02:28:14.572Z Eleventy:UserConfig Adding new Liquid Filter "'getCollectionItem'" via `'addLiquidFilter'('getCollectionItem')`
2026-01-11T02:28:14.572Z Eleventy:UserConfig Adding new JavaScript Filter "'getCollectionItem'" via `'addJavaScriptFilter'('getCollectionItem')`
2026-01-11T02:28:14.572Z Eleventy:UserConfig Adding new JavaScript Function "'getCollectionItem'" via `'addJavaScriptFunction'('getCollectionItem')`
2026-01-11T02:28:14.572Z Eleventy:UserConfig Adding new Nunjucks Filter "'getCollectionItem'" via `'addNunjucksFilter'('getCollectionItem')`
2026-01-11T02:28:14.572Z Eleventy:UserConfig Adding new Universal Filter "'getPreviousCollectionItem'" via `'addFilter'('getPreviousCollectionItem')`
2026-01-11T02:28:14.572Z Eleventy:UserConfig Adding new Liquid Filter "'getPreviousCollectionItem'" via `'addLiquidFilter'('getPreviousCollectionItem')`
2026-01-11T02:28:14.572Z Eleventy:UserConfig Adding new JavaScript Filter "'getPreviousCollectionItem'" via `'addJavaScriptFilter'('getPreviousCollectionItem')`
2026-01-11T02:28:14.572Z Eleventy:UserConfig Adding new JavaScript Function "'getPreviousCollectionItem'" via `'addJavaScriptFunction'('getPreviousCollectionItem')`
2026-01-11T02:28:14.572Z Eleventy:UserConfig Adding new Nunjucks Filter "'getPreviousCollectionItem'" via `'addNunjucksFilter'('getPreviousCollectionItem')`
2026-01-11T02:28:14.572Z Eleventy:UserConfig Adding new Universal Filter "'getNextCollectionItem'" via `'addFilter'('getNextCollectionItem')`
2026-01-11T02:28:14.572Z Eleventy:UserConfig Adding new Liquid Filter "'getNextCollectionItem'" via `'addLiquidFilter'('getNextCollectionItem')`
2026-01-11T02:28:14.572Z Eleventy:UserConfig Adding new JavaScript Filter "'getNextCollectionItem'" via `'addJavaScriptFilter'('getNextCollectionItem')`
2026-01-11T02:28:14.572Z Eleventy:UserConfig Adding new JavaScript Function "'getNextCollectionItem'" via `'addJavaScriptFunction'('getNextCollectionItem')`
2026-01-11T02:28:14.572Z Eleventy:UserConfig Adding new Nunjucks Filter "'getNextCollectionItem'" via `'addNunjucksFilter'('getNextCollectionItem')`
2026-01-11T02:28:14.572Z Eleventy:UserConfig Adding new Universal Filter "'renderTransforms'" via `'addAsyncFilter'('renderTransforms')`
2026-01-11T02:28:14.572Z Eleventy:UserConfig Adding new Liquid Filter "'renderTransforms'" via `'addLiquidFilter'('renderTransforms')`
2026-01-11T02:28:14.572Z Eleventy:UserConfig Adding new JavaScript Filter "'renderTransforms'" via `'addJavaScriptFilter'('renderTransforms')`
2026-01-11T02:28:14.572Z Eleventy:UserConfig Adding new JavaScript Function "'renderTransforms'" via `'addJavaScriptFunction'('renderTransforms')`
2026-01-11T02:28:14.572Z Eleventy:UserConfig Adding new Nunjucks Filter "'renderTransforms'" via `'addNunjucksAsyncFilter'('renderTransforms')`
2026-01-11T02:28:14.572Z Eleventy:TemplateConfig Default Eleventy config { templateFormats: [ 'liquid', 'md', 'njk', 'html', '11ty.js' ], pathPrefix: '/', markdownTemplateEngine: 'liquid', htmlTemplateEngine: 'liquid', dataFileSuffixes: [ '.11tydata', '' ], dataFileDirBaseNameOverride: false, keys: { package: 'pkg', layout: 'layout', permalink: 'permalink', permalinkRoot: 'permalinkBypassOutputDir', engineOverride: 'templateEngineOverride', computed: 'eleventyComputed', dataSchema: 'eleventyDataSchema' }, dir: { input: '.', includes: '_includes', data: '_data', output: '_site' }, nunjucksFilters: {} }
2026-01-11T02:28:14.573Z Eleventy:TemplateConfig Merging default config with .eleventy.js
2026-01-11T02:28:14.580Z Eleventy:UserConfig Adding new Universal Filter "'formatDate'" via `'addFilter'('formatDate')`
2026-01-11T02:28:14.580Z Eleventy:UserConfig Adding new Liquid Filter "'formatDate'" via `'addLiquidFilter'('formatDate')`
2026-01-11T02:28:14.580Z Eleventy:UserConfig Adding new JavaScript Filter "'formatDate'" via `'addJavaScriptFilter'('formatDate')`
2026-01-11T02:28:14.580Z Eleventy:UserConfig Adding new JavaScript Function "'formatDate'" via `'addJavaScriptFunction'('formatDate')`
2026-01-11T02:28:14.580Z Eleventy:UserConfig Adding new Nunjucks Filter "'formatDate'" via `'addNunjucksFilter'('formatDate')`
2026-01-11T02:28:14.580Z Eleventy:TemplateConfig Setting directories via `dir` object return from configuration file: { input: 'src', output: '_site', includes: '_includes', layouts: '_layouts' }
2026-01-11T02:28:14.581Z Eleventy:Util:ProjectTemplateFormats Using configuration `templateFormats`, `setTemplateFormats()`, `addTemplateFormats()`: [ 'njk', 'md', 'html' ]
2026-01-11T02:28:14.581Z Eleventy:UserConfig Adding 'anonymous' plugin
2026-01-11T02:28:14.581Z Eleventy:Util:ProjectTemplateFormats Using configuration `templateFormats`, `setTemplateFormats()`, `addTemplateFormats()`: [ 'njk', 'md', 'html' ]
2026-01-11T02:28:14.581Z Eleventy:TemplateConfig Configuration overrides: {}
2026-01-11T02:28:14.582Z Eleventy:TemplateConfig Current configuration: { templateFormats: [ 'njk', 'md', 'html' ], pathPrefix: '/', markdownTemplateEngine: 'njk', htmlTemplateEngine: 'njk', dataFileSuffixes: [ '.11tydata', '' ], dataFileDirBaseNameOverride: false, keys: { package: 'pkg', layout: 'layout', permalink: 'permalink', permalinkRoot: 'permalinkBypassOutputDir', engineOverride: 'templateEngineOverride', computed: 'eleventyComputed', dataSchema: 'eleventyDataSchema' }, dir: { input: 'src', includes: '_includes', data: '_data', output: '_site', layouts: '_layouts' }, nunjucksFilters: { inputPathToUrl: [Function: fn], slug: [Function: fn], slugify: [Function: fn], url: [Function: fn], log: [Function: fn], getCollectionItemIndex: [Function: fn], getCollectionItem: [Function: fn], getPreviousCollectionItem: [Function: fn], getNextCollectionItem: [Function: fn], formatDate: [Function: fn] }, directories: { input: [Getter], inputFile: [Getter], inputGlob: [Getter], data: [Getter], includes: [Getter], layouts: [Getter], output: [Getter] }, transforms: { '@11ty/eleventy-bundle': [Function: fn], '@11ty/eleventy/html-transformer': [Function: fn], '@11ty/eleventy-bundle/delayed': [Function: fn] }, linters: {}, preprocessors: {}, globalData: {}, layoutAliases: {}, layoutResolution: true, passthroughCopies: { assets: { outputPath: true, copyOptions: {} }, reviews: { outputPath: true, copyOptions: {} }, 'thesis.pdf': { outputPath: true, copyOptions: {} } }, liquidOptions: {}, liquidTags: {}, liquidFilters: { inputPathToUrl: [Function: fn], slug: [Function: fn], slugify: [Function: fn], url: [Function: fn], log: [Function: fn], getCollectionItemIndex: [Function: fn], getCollectionItem: [Function: fn], getPreviousCollectionItem: [Function: fn], getNextCollectionItem: [Function: fn], renderTransforms: [Function: fn], formatDate: [Function: fn] }, liquidShortcodes: { getBundle: [Function: fn], getBundleFileUrl: [Function: fn] }, liquidPairedShortcodes: {}, liquidParameterParsing: 'legacy', nunjucksEnvironmentOptions: { dev: true }, nunjucksPrecompiledTemplates: {}, nunjucksAsyncFilters: { renderTransforms: [Function: fn] }, nunjucksTags: {}, nunjucksGlobals: {}, nunjucksAsyncShortcodes: {}, nunjucksShortcodes: { getBundle: [Function: fn], getBundleFileUrl: [Function: fn] }, nunjucksAsyncPairedShortcodes: {}, nunjucksPairedShortcodes: {}, javascriptFunctions: { getBundle: [Function: fn], getBundleFileUrl: [Function: fn], inputPathToUrl: [Function: fn], slug: [Function: fn], slugify: [Function: fn], url: [Function: fn], log: [Function: fn], getCollectionItemIndex: [Function: fn], getCollectionItem: [Function: fn], getPreviousCollectionItem: [Function: fn], getNextCollectionItem: [Function: fn], renderTransforms: [Function: fn], formatDate: [Function: fn] }, javascriptShortcodes: { getBundle: [Function: fn], getBundleFileUrl: [Function: fn] }, javascriptPairedShortcodes: {}, javascriptFilters: { inputPathToUrl: [Function: fn], slug: [Function: fn], slugify: [Function: fn], url: [Function: fn], log: [Function: fn], getCollectionItemIndex: [Function: fn], getCollectionItem: [Function: fn], getPreviousCollectionItem: [Function: fn], getNextCollectionItem: [Function: fn], renderTransforms: [Function: fn], formatDate: [Function: fn] }, markdownHighlighter: null, libraryOverrides: {}, dynamicPermalinks: true, useGitIgnore: true, ignores: Set(7) { '**/node_modules/**', '.git/**', '_site/**', 'node_modules/**', 'package-lock.json', 'package.json', 'googlef*.html' }, watchIgnores: Set(2) { '**/node_modules/**', '.git/**' }, dataDeepMerge: true, watchJavaScriptDependencies: true, additionalWatchTargets: [], watchTargetsConfigReset: Set(0) {}, serverOptions: {}, chokidarConfig: {}, watchThrottleWaitTime: 0, frontMatterParsingOptions: { engines: { yaml: [Function: bound load$1], javascript: [Function: default], jsLegacy: [Object], node: [Function: node] } }, dataExtensions: Map(0) {}, extensionMap: Set(0) {}, quietMode: true, events: AsyncEventEmitter { _events: [Object: null prototype] { 'eleventy.before': [Array], 'eleventy.contentMap': [Function (anonymous)] }, _eventsCount: 2, _maxListeners: undefined, [Symbol(shapeMode)]: false, [Symbol(kCapture)]: false }, benchmarkManager: BenchmarkManager { benchmarkGroups: { Configuration: [BenchmarkGroup], Aggregate: [BenchmarkGroup] }, isVerbose: true, start: 847.977833 }, plugins: [ { plugin: [Function (anonymous)], options: {}, pluginNamespace: '' } ], useTemplateCache: true, precompiledCollections: {}, dataFilterSelectors: Set(0) {}, libraryAmendments: {}, serverPassthroughCopyBehavior: 'copy', urlTransforms: [], virtualTemplates: {}, freezeReservedData: true, customDateParsing: Set(0) {}, errorReporting: {} }
2026-01-11T02:28:14.582Z Eleventy Eleventy warm up time: 875.692292 (ms)
2026-01-11T02:28:14.582Z Eleventy:Util:ProjectTemplateFormats Using configuration `templateFormats`, `setTemplateFormats()`, `addTemplateFormats()`: [ 'njk', 'md', 'html' ]
2026-01-11T02:28:14.583Z Eleventy:TemplatePassthroughManager Resetting counts to 0
2026-01-11T02:28:14.586Z Eleventy:EleventyFiles .gitignore,.eleventyignore,src/.eleventyignore ignoring: ./_site/**
2026-01-11T02:28:14.586Z Eleventy:EleventyFiles .gitignore,.eleventyignore,src/.eleventyignore ignoring: ./node_modules/**
2026-01-11T02:28:14.586Z Eleventy:EleventyFiles .gitignore,.eleventyignore,src/.eleventyignore ignoring: ./.DS_Store
2026-01-11T02:28:14.586Z Eleventy:EleventyFiles .gitignore,.eleventyignore,src/.eleventyignore ignoring: ./.env
2026-01-11T02:28:14.586Z Eleventy:EleventyFiles .gitignore,.eleventyignore,src/.eleventyignore ignoring: ./.env.local
2026-01-11T02:28:14.586Z Eleventy:EleventyFiles .gitignore,.eleventyignore,src/.eleventyignore ignoring: ./.cache
2026-01-11T02:28:14.586Z Eleventy:EleventyFiles .gitignore,.eleventyignore,src/.eleventyignore ignoring: ./.vscode
2026-01-11T02:28:14.586Z Eleventy:EleventyFiles .gitignore,.eleventyignore,src/.eleventyignore ignoring: ./.idea
2026-01-11T02:28:14.586Z Eleventy:EleventyFiles .gitignore,.eleventyignore,src/.eleventyignore ignoring: ./*.swp
2026-01-11T02:28:14.586Z Eleventy:EleventyFiles .gitignore,.eleventyignore,src/.eleventyignore ignoring: ./*.swo
2026-01-11T02:28:14.586Z Eleventy:EleventyFiles .gitignore,.eleventyignore,src/.eleventyignore ignoring: ./npm-debug.log*
2026-01-11T02:28:14.586Z Eleventy:EleventyFiles .gitignore,.eleventyignore,src/.eleventyignore ignoring: ./yarn-debug.log*
2026-01-11T02:28:14.586Z Eleventy:EleventyFiles .gitignore,.eleventyignore,src/.eleventyignore ignoring: ./yarn-error.log*
2026-01-11T02:28:14.586Z Eleventy:EleventyFiles .gitignore,.eleventyignore,src/.eleventyignore ignoring: ./_site/**
2026-01-11T02:28:14.586Z Eleventy:EleventyFiles .gitignore,.eleventyignore,src/.eleventyignore ignoring: ./node_modules/**
2026-01-11T02:28:14.586Z Eleventy:EleventyFiles .gitignore,.eleventyignore,src/.eleventyignore ignoring: ./package-lock.json
2026-01-11T02:28:14.586Z Eleventy:EleventyFiles .gitignore,.eleventyignore,src/.eleventyignore ignoring: ./package.json
2026-01-11T02:28:14.586Z Eleventy:EleventyFiles .gitignore,.eleventyignore,src/.eleventyignore ignoring: ./.git/**
2026-01-11T02:28:14.586Z Eleventy:EleventyFiles .gitignore,.eleventyignore,src/.eleventyignore ignoring: ./.vscode
2026-01-11T02:28:14.586Z Eleventy:EleventyFiles .gitignore,.eleventyignore,src/.eleventyignore ignoring: ./.idea
2026-01-11T02:28:14.586Z Eleventy:EleventyFiles .gitignore,.eleventyignore,src/.eleventyignore ignoring: ./*.log
2026-01-11T02:28:14.586Z Eleventy:EleventyFiles .gitignore,.eleventyignore,src/.eleventyignore ignoring: ./.DS_Store
2026-01-11T02:28:14.586Z Eleventy:EleventyFiles .gitignore,.eleventyignore,src/.eleventyignore ignoring: ./googlef*.html
2026-01-11T02:28:14.586Z Eleventy:EleventyFiles .gitignore,.eleventyignore,src/.eleventyignore ignoring: ./robots.txt
2026-01-11T02:28:14.586Z Eleventy:EleventyFiles .gitignore,.eleventyignore,src/.eleventyignore ignoring: ./sitemap.xml
2026-01-11T02:28:14.586Z Eleventy:EleventyFiles .gitignore,.eleventyignore,src/.eleventyignore ignoring: ./.github/**
2026-01-11T02:28:14.587Z Eleventy Directories:
  Input:
    Directory: ./src/
    File: false
    Glob: false
  Data: ./src/_data/
  Includes: ./src/_includes/
  Layouts: ./src/_layouts/
  Output: ./_site/
Template Formats: njk,md,html
Verbose Output: false
2026-01-11T02:28:14.587Z Eleventy:EleventyFiles Searching for: [ './src/**/*.{njk,md,html}' ]
2026-01-11T02:28:14.587Z Eleventy:FastGlobManager Glob search ('templates') searching for: [ './src/**/*.{njk,md,html}' ]
2026-01-11T02:28:14.587Z Eleventy:FastGlobManager Glob search ('templates') ignoring: [ '_site/**',           'node_modules/**', '.DS_Store',          '.env', '.env.local',         '.cache', '.vscode',            '.idea', '*.swp',              '*.swo', 'npm-debug.log*',     'yarn-debug.log*', 'yarn-error.log*',    'package-lock.json', 'package.json',       '.git/**', '*.log',              'googlef*.html', 'robots.txt',         'sitemap.xml', '.github/**',         'src/_includes/**', 'src/_layouts/**',    'src/_data/**', '**/node_modules/**' ]
2026-01-11T02:28:14.597Z Eleventy:TemplatePassthroughManager TemplatePassthrough copy started.
2026-01-11T02:28:14.597Z Eleventy:TemplatePassthroughManager `addPassthroughCopy` config API paths: { assets: { outputPath: true, copyOptions: {} }, reviews: { outputPath: true, copyOptions: {} }, 'thesis.pdf': { outputPath: true, copyOptions: {} } }
2026-01-11T02:28:14.597Z Eleventy:TemplatePassthroughManager `addPassthroughCopy` config API normalized paths: [ { inputPath: './assets', outputPath: true, copyOptions: {} }, { inputPath: './reviews', outputPath: true, copyOptions: {} }, { inputPath: './thesis.pdf', outputPath: true, copyOptions: {} } ]
2026-01-11T02:28:14.597Z Eleventy:TemplatePassthroughManager TemplatePassthrough copying from config: { inputPath: './assets', outputPath: true, copyOptions: {} }
2026-01-11T02:28:14.597Z Eleventy:TemplatePassthroughManager TemplatePassthrough copying from config: { inputPath: './reviews', outputPath: true, copyOptions: {} }
2026-01-11T02:28:14.597Z Eleventy:TemplatePassthroughManager TemplatePassthrough copying from config: { inputPath: './thesis.pdf', outputPath: true, copyOptions: {} }
2026-01-11T02:28:14.597Z Eleventy:TemplatePassthrough Copying './assets/'
2026-01-11T02:28:14.597Z Eleventy:TemplatePassthrough Copying './reviews/'
2026-01-11T02:28:14.598Z Eleventy:TemplatePassthrough Copying './thesis.pdf'
2026-01-11T02:28:14.598Z Eleventy:TemplatePassthrough Searching for: './thesis.pdf'
2026-01-11T02:28:14.598Z Eleventy:FastGlobManager Glob search ('passthrough') searching for: './thesis.pdf'
2026-01-11T02:28:14.598Z Eleventy:TemplateData Using [ '.11tydata', '' ] suffixes to find data files.
2026-01-11T02:28:14.599Z Eleventy:TemplateData getLocalDataPaths('./src/README.md'): [ './src/README.11tydata.js', './src/README.11tydata.cjs', './src/README.11tydata.mjs', './src/README.11tydata.json', './src/README.json', './src/src.11tydata.js', './src/src.11tydata.cjs', './src/src.11tydata.mjs', './src/src.11tydata.json', './src/src.json' ]
2026-01-11T02:28:14.599Z Eleventy:TemplateData Using [ '.11tydata', '' ] suffixes to find data files.
2026-01-11T02:28:14.599Z Eleventy:TemplateData getLocalDataPaths('./src/blog.njk'): [ './src/blog.11tydata.js', './src/blog.11tydata.cjs', './src/blog.11tydata.mjs', './src/blog.11tydata.json', './src/blog.json', './src/src.11tydata.js', './src/src.11tydata.cjs', './src/src.11tydata.mjs', './src/src.11tydata.json', './src/src.json' ]
2026-01-11T02:28:14.599Z Eleventy:TemplateData Using [ '.11tydata', '' ] suffixes to find data files.
2026-01-11T02:28:14.599Z Eleventy:TemplateData getLocalDataPaths('./src/index.njk'): [ './src/index.11tydata.js', './src/index.11tydata.cjs', './src/index.11tydata.mjs', './src/index.11tydata.json', './src/index.json', './src/src.11tydata.js', './src/src.11tydata.cjs', './src/src.11tydata.mjs', './src/src.11tydata.json', './src/src.json' ]
2026-01-11T02:28:14.600Z Eleventy:ImportJsonSync Found 'package.json' searching parent directories at: '/Users/calebagoha/Desktop/Project Portfolio/calebagoha123.github.io'
2026-01-11T02:28:14.600Z Eleventy:FastGlobManager Glob search ('global-data') searching for: [ './src/_data/**/*.{json,mjs,cjs,js}' ]
2026-01-11T02:28:14.601Z Eleventy:TemplateEngineManager Engine cache miss 'md' (should only happen once per type)
2026-01-11T02:28:14.601Z Eleventy:TemplateEngineManager Engine cache miss 'njk' (should only happen once per type)
2026-01-11T02:28:14.602Z Eleventy:TemplatePassthroughManager Skipped copying './thesis.pdf' (emulated passthrough copy)
2026-01-11T02:28:14.604Z Eleventy:TemplatePassthroughManager Skipped copying './assets' (emulated passthrough copy)
2026-01-11T02:28:14.606Z Eleventy:TemplatePassthrough Copying individual file 'reviews/a-field-guide-to-getting-lost.md'
2026-01-11T02:28:14.607Z Eleventy:TemplatePassthrough Copying individual file 'reviews/the-beginning-of-infinity.md'
2026-01-11T02:28:14.607Z Eleventy:TemplatePassthrough Copying individual file 'reviews/the-art-of-doing-science-and-engineering.md'
2026-01-11T02:28:14.610Z Eleventy:TemplatePassthroughManager Copied './reviews' (3 files, 0 size)
2026-01-11T02:28:14.610Z Eleventy:TemplatePassthroughManager TemplatePassthrough copy finished. Current count: 3 (size: 0)
2026-01-11T02:28:14.652Z Eleventy:TemplateContent 'UTF-8' encoding detected on './src/blog.njk'.
2026-01-11T02:28:14.661Z Eleventy:TemplateContent 'UTF-8' encoding detected on './src/index.njk'.
2026-01-11T02:28:14.674Z Eleventy:TemplateContent 'UTF-8' encoding detected on './src/_layouts/base.njk'.
2026-01-11T02:28:14.674Z Eleventy:Template Template date: using file’s 'birthtimeMs' for './src/blog.njk' of 2025-05-11T04:28:51.216Z (from 1746937731216.99)
2026-01-11T02:28:14.674Z Eleventy:Template Template date: using file’s 'birthtimeMs' for './src/index.njk' of 2025-05-11T05:57:25.678Z (from 1746943045678.3105)
2026-01-11T02:28:14.735Z Eleventy:TemplateContent 'ISO-8859-1' encoding detected on './src/README.md'.
2026-01-11T02:28:14.735Z Eleventy:Template Template date: using file’s 'birthtimeMs' for './src/README.md' of 2025-05-11T04:24:48.502Z (from 1746937488502.7722)
2026-01-11T02:28:14.736Z Eleventy:TemplateMap Caching collections objects.
2026-01-11T02:28:14.737Z Eleventy:TemplateMap Collection: collections.all size: 3
2026-01-11T02:28:14.737Z Eleventy:TemplateMap Collection: collections.all size: 3
2026-01-11T02:28:14.737Z Eleventy:TemplateMap Collection: collections.posts size: 0
2026-01-11T02:28:14.748Z Eleventy:TemplateWriter Template map created.
2026-01-11T02:28:14.748Z Eleventy:Transforms Running '@11ty/eleventy-bundle' transform on './src/README.md': './_site/README/index.html'
2026-01-11T02:28:14.748Z Eleventy:Transforms Running '@11ty/eleventy/html-transformer' transform on './src/README.md': './_site/README/index.html'
2026-01-11T02:28:14.748Z Eleventy:Transforms Running '@11ty/eleventy-bundle/delayed' transform on './src/README.md': './_site/README/index.html'
2026-01-11T02:28:14.749Z Eleventy:Logger Writing ./_site/README/index.html from ./src/README.md (njk)
2026-01-11T02:28:14.750Z Eleventy:Template ./_site/README/index.html written.
2026-01-11T02:28:14.751Z Eleventy:Transforms Running '@11ty/eleventy-bundle' transform on './src/blog.njk': './_site/blog/index.html'
2026-01-11T02:28:14.751Z Eleventy:Transforms Running '@11ty/eleventy-bundle' transform on './src/index.njk': './_site/index.html'
2026-01-11T02:28:14.751Z Eleventy:Transforms Running '@11ty/eleventy/html-transformer' transform on './src/blog.njk': './_site/blog/index.html'
2026-01-11T02:28:14.751Z Eleventy:Transforms Running '@11ty/eleventy/html-transformer' transform on './src/index.njk': './_site/index.html'
2026-01-11T02:28:14.751Z Eleventy:Transforms Running '@11ty/eleventy-bundle/delayed' transform on './src/blog.njk': './_site/blog/index.html'
2026-01-11T02:28:14.751Z Eleventy:Transforms Running '@11ty/eleventy-bundle/delayed' transform on './src/index.njk': './_site/index.html'
2026-01-11T02:28:14.751Z Eleventy:Logger Writing ./_site/blog/index.html from ./src/blog.njk
2026-01-11T02:28:14.753Z Eleventy:Template ./_site/blog/index.html written.
2026-01-11T02:28:14.753Z Eleventy:Logger Writing ./_site/index.html from ./src/index.njk
2026-01-11T02:28:14.754Z Eleventy:Template ./_site/index.html written.
2026-01-11T02:28:14.754Z Eleventy:Benchmark Benchmark      0ms   0%     3× (Configuration) "@11ty/eleventy-bundle" Transform
2026-01-11T02:28:14.754Z Eleventy:Benchmark Benchmark      0ms   0%     3× (Configuration) "@11ty/eleventy/html-transformer" Transform
2026-01-11T02:28:14.754Z Eleventy:Benchmark Benchmark      0ms   0%     3× (Configuration) "@11ty/eleventy-bundle/delayed" Transform
2026-01-11T02:28:14.754Z Eleventy:Benchmark Benchmark      3ms   1%     3× (Aggregate) Configuration addPlugin
2026-01-11T02:28:14.754Z Eleventy:Benchmark Benchmark     10ms   5%     1× (Aggregate) Searching the file system (templates)
2026-01-11T02:28:14.754Z Eleventy:Benchmark Benchmark      4ms   2%     1× (Aggregate) Searching the file system (passthrough)
2026-01-11T02:28:14.754Z Eleventy:Benchmark Benchmark      4ms   2%     3× (Aggregate) Passthrough Copy File
2026-01-11T02:28:14.754Z Eleventy:Benchmark Benchmark      1ms   0%     1× (Aggregate) Searching the file system (data)
2026-01-11T02:28:14.754Z Eleventy:Benchmark Benchmark     25ms  13%     4× (Aggregate) Template Read
2026-01-11T02:28:14.754Z Eleventy:Benchmark Benchmark      0ms   0%     3× (Aggregate) (count) getOutputLocations
2026-01-11T02:28:14.754Z Eleventy:Benchmark Benchmark      0ms   0%     4× (Aggregate) (count) Template Compile Cache Miss
2026-01-11T02:28:14.754Z Eleventy:Benchmark Benchmark      2ms   1%     4× (Aggregate) Template Compile
2026-01-11T02:28:14.754Z Eleventy:Benchmark Benchmark     10ms   5%     3× (Aggregate) Render
2026-01-11T02:28:14.754Z Eleventy:Benchmark Benchmark      1ms   1%     1× (Aggregate) > Render > ./src/blog.njk
2026-01-11T02:28:14.754Z Eleventy:Benchmark Benchmark      6ms   3%     1× (Aggregate) > Render > ./src/index.njk
2026-01-11T02:28:14.754Z Eleventy:Benchmark Benchmark      3ms   1%     1× (Aggregate) > Render > ./src/README.md
2026-01-11T02:28:14.754Z Eleventy:Benchmark Benchmark      2ms   1%     1× (Aggregate) > Compile > ./src/_layouts/base.njk
2026-01-11T02:28:14.754Z Eleventy:Benchmark Benchmark      0ms   0%     3× (Aggregate) Template make parent directory
2026-01-11T02:28:14.754Z Eleventy:Benchmark Benchmark      4ms   2%     3× (Aggregate) Template Write
2026-01-11T02:28:14.754Z Eleventy Total passthrough copy aggregate size: '0 B'
[11ty] Copied 3 Wrote 3 files in 0.20 seconds (v3.0.0)
2026-01-11T02:28:14.755Z Eleventy Finished.
2026-01-11T02:28:14.755Z Eleventy 
Have a suggestion/feature request/feedback? Feeling frustrated? I want to hear it!
Open an issue: https://github.com/11ty/eleventy/issues/new
